<?xml version="1.0" encoding="UTF-8"?>
<testsuite xmlns:xsi="http://www.w3.org/2001/XMLSchema-instance" xsi:noNamespaceSchemaLocation="https://maven.apache.org/surefire/maven-surefire-plugin/xsd/surefire-test-report.xsd" name="dtu.example.CucumberTest" time="1.62" tests="1" errors="0" skipped="0" failures="0">
  <properties>
    <property name="java.specification.version" value="21"/>
    <property name="sun.jnu.encoding" value="UTF-8"/>
    <property name="java.class.path" value="/home/spaceman/IdeaProjects/testing-token/WebServices/DTUPayClient/target/test-classes:/home/spaceman/IdeaProjects/testing-token/WebServices/DTUPayClient/target/classes:/home/spaceman/.m2/repository/org/projectlombok/lombok/1.18.36/lombok-1.18.36.jar:/home/spaceman/.m2/repository/io/cucumber/cucumber-java/7.13.0/cucumber-java-7.13.0.jar:/home/spaceman/.m2/repository/io/cucumber/cucumber-core/7.13.0/cucumber-core-7.13.0.jar:/home/spaceman/.m2/repository/io/cucumber/cucumber-gherkin/7.13.0/cucumber-gherkin-7.13.0.jar:/home/spaceman/.m2/repository/io/cucumber/cucumber-gherkin-messages/7.13.0/cucumber-gherkin-messages-7.13.0.jar:/home/spaceman/.m2/repository/io/cucumber/gherkin/26.2.0/gherkin-26.2.0.jar:/home/spaceman/.m2/repository/io/cucumber/messages/22.0.0/messages-22.0.0.jar:/home/spaceman/.m2/repository/io/cucumber/tag-expressions/5.0.1/tag-expressions-5.0.1.jar:/home/spaceman/.m2/repository/io/cucumber/cucumber-expressions/16.1.2/cucumber-expressions-16.1.2.jar:/home/spaceman/.m2/repository/io/cucumber/datatable/7.13.0/datatable-7.13.0.jar:/home/spaceman/.m2/repository/io/cucumber/cucumber-plugin/7.13.0/cucumber-plugin-7.13.0.jar:/home/spaceman/.m2/repository/io/cucumber/docstring/7.13.0/docstring-7.13.0.jar:/home/spaceman/.m2/repository/io/cucumber/html-formatter/20.3.1/html-formatter-20.3.1.jar:/home/spaceman/.m2/repository/io/cucumber/junit-xml-formatter/0.2.0/junit-xml-formatter-0.2.0.jar:/home/spaceman/.m2/repository/io/cucumber/ci-environment/9.2.0/ci-environment-9.2.0.jar:/home/spaceman/.m2/repository/org/apiguardian/apiguardian-api/1.1.2/apiguardian-api-1.1.2.jar:/home/spaceman/.m2/repository/io/cucumber/cucumber-junit/7.13.0/cucumber-junit-7.13.0.jar:/home/spaceman/.m2/repository/junit/junit/4.13.2/junit-4.13.2.jar:/home/spaceman/.m2/repository/org/hamcrest/hamcrest-core/1.3/hamcrest-core-1.3.jar:/home/spaceman/.m2/repository/io/cucumber/cucumber-picocontainer/7.13.0/cucumber-picocontainer-7.13.0.jar:/home/spaceman/.m2/repository/org/picocontainer/picocontainer/2.15/picocontainer-2.15.jar:/home/spaceman/.m2/repository/org/junit/jupiter/junit-jupiter-engine/5.10.0/junit-jupiter-engine-5.10.0.jar:/home/spaceman/.m2/repository/org/junit/platform/junit-platform-engine/1.10.0/junit-platform-engine-1.10.0.jar:/home/spaceman/.m2/repository/org/opentest4j/opentest4j/1.3.0/opentest4j-1.3.0.jar:/home/spaceman/.m2/repository/org/junit/platform/junit-platform-commons/1.10.0/junit-platform-commons-1.10.0.jar:/home/spaceman/.m2/repository/org/junit/jupiter/junit-jupiter-api/5.10.0/junit-jupiter-api-5.10.0.jar:/home/spaceman/.m2/repository/org/junit/vintage/junit-vintage-engine/5.10.0/junit-vintage-engine-5.10.0.jar:/home/spaceman/.m2/repository/org/junit/platform/junit-platform-runner/1.10.0/junit-platform-runner-1.10.0.jar:/home/spaceman/.m2/repository/org/junit/platform/junit-platform-launcher/1.10.0/junit-platform-launcher-1.10.0.jar:/home/spaceman/.m2/repository/org/junit/platform/junit-platform-suite-api/1.10.0/junit-platform-suite-api-1.10.0.jar:/home/spaceman/.m2/repository/org/junit/platform/junit-platform-suite-commons/1.10.0/junit-platform-suite-commons-1.10.0.jar:/home/spaceman/.m2/repository/org/mockito/mockito-core/5.5.0/mockito-core-5.5.0.jar:/home/spaceman/.m2/repository/net/bytebuddy/byte-buddy/1.14.6/byte-buddy-1.14.6.jar:/home/spaceman/.m2/repository/net/bytebuddy/byte-buddy-agent/1.14.6/byte-buddy-agent-1.14.6.jar:/home/spaceman/.m2/repository/org/objenesis/objenesis/3.3/objenesis-3.3.jar:/home/spaceman/.m2/repository/org/jboss/resteasy/resteasy-client/6.2.11.Final/resteasy-client-6.2.11.Final.jar:/home/spaceman/.m2/repository/org/jboss/resteasy/resteasy-client-api/6.2.11.Final/resteasy-client-api-6.2.11.Final.jar:/home/spaceman/.m2/repository/org/jboss/resteasy/resteasy-core-spi/6.2.11.Final/resteasy-core-spi-6.2.11.Final.jar:/home/spaceman/.m2/repository/jakarta/validation/jakarta.validation-api/3.0.2/jakarta.validation-api-3.0.2.jar:/home/spaceman/.m2/repository/org/jboss/resteasy/resteasy-core/6.2.11.Final/resteasy-core-6.2.11.Final.jar:/home/spaceman/.m2/repository/org/jboss/jandex/2.4.5.Final/jandex-2.4.5.Final.jar:/home/spaceman/.m2/repository/com/ibm/async/asyncutil/0.1.0/asyncutil-0.1.0.jar:/home/spaceman/.m2/repository/org/jboss/logging/jboss-logging/3.5.3.Final/jboss-logging-3.5.3.Final.jar:/home/spaceman/.m2/repository/org/apache/httpcomponents/httpclient/4.5.14/httpclient-4.5.14.jar:/home/spaceman/.m2/repository/org/apache/httpcomponents/httpcore/4.4.16/httpcore-4.4.16.jar:/home/spaceman/.m2/repository/commons-logging/commons-logging/1.2/commons-logging-1.2.jar:/home/spaceman/.m2/repository/commons-codec/commons-codec/1.15/commons-codec-1.15.jar:/home/spaceman/.m2/repository/jakarta/ws/rs/jakarta.ws.rs-api/3.1.0/jakarta.ws.rs-api-3.1.0.jar:/home/spaceman/.m2/repository/org/reactivestreams/reactive-streams/1.0.4/reactive-streams-1.0.4.jar:/home/spaceman/.m2/repository/io/quarkus/quarkus-resteasy-jsonb/3.17.2/quarkus-resteasy-jsonb-3.17.2.jar:/home/spaceman/.m2/repository/io/quarkus/quarkus-resteasy/3.17.2/quarkus-resteasy-3.17.2.jar:/home/spaceman/.m2/repository/io/quarkus/quarkus-vertx-http/3.17.2/quarkus-vertx-http-3.17.2.jar:/home/spaceman/.m2/repository/io/quarkus/quarkus-security-runtime-spi/3.17.2/quarkus-security-runtime-spi-3.17.2.jar:/home/spaceman/.m2/repository/io/quarkus/quarkus-tls-registry/3.17.2/quarkus-tls-registry-3.17.2.jar:/home/spaceman/.m2/repository/io/quarkus/quarkus-credentials/3.17.2/quarkus-credentials-3.17.2.jar:/home/spaceman/.m2/repository/io/quarkus/quarkus-mutiny/3.17.2/quarkus-mutiny-3.17.2.jar:/home/spaceman/.m2/repository/io/smallrye/reactive/mutiny/2.6.2/mutiny-2.6.2.jar:/home/spaceman/.m2/repository/org/jctools/jctools-core/4.0.5/jctools-core-4.0.5.jar:/home/spaceman/.m2/repository/io/quarkus/quarkus-smallrye-context-propagation/3.17.2/quarkus-smallrye-context-propagation-3.17.2.jar:/home/spaceman/.m2/repository/io/smallrye/smallrye-context-propagation/2.1.2/smallrye-context-propagation-2.1.2.jar:/home/spaceman/.m2/repository/io/smallrye/smallrye-context-propagation-api/2.1.2/smallrye-context-propagation-api-2.1.2.jar:/home/spaceman/.m2/repository/io/smallrye/smallrye-context-propagation-storage/2.1.2/smallrye-context-propagation-storage-2.1.2.jar:/home/spaceman/.m2/repository/io/smallrye/reactive/mutiny-smallrye-context-propagation/2.6.2/mutiny-smallrye-context-propagation-2.6.2.jar:/home/spaceman/.m2/repository/io/smallrye/common/smallrye-common-vertx-context/2.8.0/smallrye-common-vertx-context-2.8.0.jar:/home/spaceman/.m2/repository/io/vertx/vertx-core/4.5.10/vertx-core-4.5.10.jar:/home/spaceman/.m2/repository/io/netty/netty-common/4.1.111.Final/netty-common-4.1.111.Final.jar:/home/spaceman/.m2/repository/io/netty/netty-buffer/4.1.111.Final/netty-buffer-4.1.111.Final.jar:/home/spaceman/.m2/repository/io/netty/netty-transport/4.1.111.Final/netty-transport-4.1.111.Final.jar:/home/spaceman/.m2/repository/io/netty/netty-handler/4.1.111.Final/netty-handler-4.1.111.Final.jar:/home/spaceman/.m2/repository/io/netty/netty-transport-native-unix-common/4.1.111.Final/netty-transport-native-unix-common-4.1.111.Final.jar:/home/spaceman/.m2/repository/io/netty/netty-handler-proxy/4.1.111.Final/netty-handler-proxy-4.1.111.Final.jar:/home/spaceman/.m2/repository/io/netty/netty-codec-socks/4.1.111.Final/netty-codec-socks-4.1.111.Final.jar:/home/spaceman/.m2/repository/io/netty/netty-codec-http/4.1.111.Final/netty-codec-http-4.1.111.Final.jar:/home/spaceman/.m2/repository/io/netty/netty-codec-http2/4.1.111.Final/netty-codec-http2-4.1.111.Final.jar:/home/spaceman/.m2/repository/io/netty/netty-resolver/4.1.111.Final/netty-resolver-4.1.111.Final.jar:/home/spaceman/.m2/repository/io/netty/netty-resolver-dns/4.1.111.Final/netty-resolver-dns-4.1.111.Final.jar:/home/spaceman/.m2/repository/io/netty/netty-codec-dns/4.1.111.Final/netty-codec-dns-4.1.111.Final.jar:/home/spaceman/.m2/repository/com/fasterxml/jackson/core/jackson-core/2.16.1/jackson-core-2.16.1.jar:/home/spaceman/.m2/repository/io/smallrye/common/smallrye-common-constraint/2.8.0/smallrye-common-constraint-2.8.0.jar:/home/spaceman/.m2/repository/io/quarkus/security/quarkus-security/2.2.0/quarkus-security-2.2.0.jar:/home/spaceman/.m2/repository/io/quarkus/quarkus-vertx/3.17.2/quarkus-vertx-3.17.2.jar:/home/spaceman/.m2/repository/io/quarkus/quarkus-netty/3.17.2/quarkus-netty-3.17.2.jar:/home/spaceman/.m2/repository/io/netty/netty-codec/4.1.115.Final/netty-codec-4.1.115.Final.jar:/home/spaceman/.m2/repository/io/netty/netty-codec-haproxy/4.1.115.Final/netty-codec-haproxy-4.1.115.Final.jar:/home/spaceman/.m2/repository/io/smallrye/common/smallrye-common-annotation/2.8.0/smallrye-common-annotation-2.8.0.jar:/home/spaceman/.m2/repository/io/quarkus/quarkus-virtual-threads/3.17.2/quarkus-virtual-threads-3.17.2.jar:/home/spaceman/.m2/repository/io/quarkus/quarkus-vertx-latebound-mdc-provider/3.17.2/quarkus-vertx-latebound-mdc-provider-3.17.2.jar:/home/spaceman/.m2/repository/io/smallrye/reactive/smallrye-mutiny-vertx-core/3.16.0/smallrye-mutiny-vertx-core-3.16.0.jar:/home/spaceman/.m2/repository/io/smallrye/reactive/smallrye-mutiny-vertx-runtime/3.16.0/smallrye-mutiny-vertx-runtime-3.16.0.jar:/home/spaceman/.m2/repository/io/smallrye/reactive/vertx-mutiny-generator/3.16.0/vertx-mutiny-generator-3.16.0.jar:/home/spaceman/.m2/repository/io/vertx/vertx-codegen/4.5.11/vertx-codegen-4.5.11.jar:/home/spaceman/.m2/repository/io/smallrye/smallrye-fault-tolerance-vertx/6.6.3/smallrye-fault-tolerance-vertx-6.6.3.jar:/home/spaceman/.m2/repository/io/smallrye/reactive/smallrye-mutiny-vertx-web/3.16.0/smallrye-mutiny-vertx-web-3.16.0.jar:/home/spaceman/.m2/repository/io/smallrye/reactive/smallrye-mutiny-vertx-web-common/3.16.0/smallrye-mutiny-vertx-web-common-3.16.0.jar:/home/spaceman/.m2/repository/io/smallrye/reactive/smallrye-mutiny-vertx-auth-common/3.16.0/smallrye-mutiny-vertx-auth-common-3.16.0.jar:/home/spaceman/.m2/repository/io/smallrye/reactive/smallrye-mutiny-vertx-bridge-common/3.16.0/smallrye-mutiny-vertx-bridge-common-3.16.0.jar:/home/spaceman/.m2/repository/io/smallrye/reactive/smallrye-mutiny-vertx-uri-template/3.16.0/smallrye-mutiny-vertx-uri-template-3.16.0.jar:/home/spaceman/.m2/repository/io/vertx/vertx-uri-template/4.5.11/vertx-uri-template-4.5.11.jar:/home/spaceman/.m2/repository/io/vertx/vertx-web/4.5.11/vertx-web-4.5.11.jar:/home/spaceman/.m2/repository/io/vertx/vertx-web-common/4.5.11/vertx-web-common-4.5.11.jar:/home/spaceman/.m2/repository/io/vertx/vertx-auth-common/4.5.11/vertx-auth-common-4.5.11.jar:/home/spaceman/.m2/repository/io/vertx/vertx-bridge-common/4.5.11/vertx-bridge-common-4.5.11.jar:/home/spaceman/.m2/repository/io/github/crac/org-crac/0.1.3/org-crac-0.1.3.jar:/home/spaceman/.m2/repository/com/aayushatharva/brotli4j/brotli4j/1.16.0/brotli4j-1.16.0.jar:/home/spaceman/.m2/repository/com/aayushatharva/brotli4j/service/1.16.0/service-1.16.0.jar:/home/spaceman/.m2/repository/com/aayushatharva/brotli4j/native-linux-x86_64/1.16.0/native-linux-x86_64-1.16.0.jar:/home/spaceman/.m2/repository/io/quarkus/vertx/utils/quarkus-vertx-utils/3.17.2/quarkus-vertx-utils-3.17.2.jar:/home/spaceman/.m2/repository/io/quarkus/quarkus-resteasy-server-common/3.17.2/quarkus-resteasy-server-common-3.17.2.jar:/home/spaceman/.m2/repository/io/quarkus/quarkus-resteasy-common/3.17.2/quarkus-resteasy-common-3.17.2.jar:/home/spaceman/.m2/repository/org/jboss/resteasy/microprofile/microprofile-config/3.0.0.Final/microprofile-config-3.0.0.Final.jar:/home/spaceman/.m2/repository/jakarta/servlet/jakarta.servlet-api/6.0.0/jakarta.servlet-api-6.0.0.jar:/home/spaceman/.m2/repository/org/eclipse/microprofile/config/microprofile-config-api/3.1/microprofile-config-api-3.1.jar:/home/spaceman/.m2/repository/org/jboss/resteasy/resteasy-cdi/6.2.11.Final/resteasy-cdi-6.2.11.Final.jar:/home/spaceman/.m2/repository/jakarta/interceptor/jakarta.interceptor-api/2.1.0/jakarta.interceptor-api-2.1.0.jar:/home/spaceman/.m2/repository/io/quarkus/quarkus-jsonb/3.17.2/quarkus-jsonb-3.17.2.jar:/home/spaceman/.m2/repository/org/eclipse/yasson/3.0.4/yasson-3.0.4.jar:/home/spaceman/.m2/repository/io/quarkus/quarkus-core/3.17.2/quarkus-core-3.17.2.jar:/home/spaceman/.m2/repository/jakarta/enterprise/jakarta.enterprise.cdi-api/4.1.0/jakarta.enterprise.cdi-api-4.1.0.jar:/home/spaceman/.m2/repository/jakarta/enterprise/jakarta.enterprise.lang-model/4.1.0/jakarta.enterprise.lang-model-4.1.0.jar:/home/spaceman/.m2/repository/jakarta/el/jakarta.el-api/6.0.0/jakarta.el-api-6.0.0.jar:/home/spaceman/.m2/repository/jakarta/inject/jakarta.inject-api/2.0.1/jakarta.inject-api-2.0.1.jar:/home/spaceman/.m2/repository/io/smallrye/common/smallrye-common-os/2.8.0/smallrye-common-os-2.8.0.jar:/home/spaceman/.m2/repository/io/quarkus/quarkus-ide-launcher/3.17.2/quarkus-ide-launcher-3.17.2.jar:/home/spaceman/.m2/repository/io/quarkus/quarkus-development-mode-spi/3.17.2/quarkus-development-mode-spi-3.17.2.jar:/home/spaceman/.m2/repository/io/smallrye/config/smallrye-config/3.10.1/smallrye-config-3.10.1.jar:/home/spaceman/.m2/repository/io/smallrye/config/smallrye-config-core/3.10.1/smallrye-config-core-3.10.1.jar:/home/spaceman/.m2/repository/io/smallrye/common/smallrye-common-classloader/2.8.0/smallrye-common-classloader-2.8.0.jar:/home/spaceman/.m2/repository/org/ow2/asm/asm/9.7.1/asm-9.7.1.jar:/home/spaceman/.m2/repository/io/smallrye/config/smallrye-config-common/3.10.1/smallrye-config-common-3.10.1.jar:/home/spaceman/.m2/repository/org/jboss/logmanager/jboss-logmanager/3.1.0.Final/jboss-logmanager-3.1.0.Final.jar:/home/spaceman/.m2/repository/io/smallrye/common/smallrye-common-cpu/2.2.0/smallrye-common-cpu-2.2.0.jar:/home/spaceman/.m2/repository/io/smallrye/common/smallrye-common-expression/2.2.0/smallrye-common-expression-2.2.0.jar:/home/spaceman/.m2/repository/io/smallrye/common/smallrye-common-net/2.2.0/smallrye-common-net-2.2.0.jar:/home/spaceman/.m2/repository/io/smallrye/common/smallrye-common-ref/2.2.0/smallrye-common-ref-2.2.0.jar:/home/spaceman/.m2/repository/org/jboss/logging/jboss-logging-annotations/3.0.2.Final/jboss-logging-annotations-3.0.2.Final.jar:/home/spaceman/.m2/repository/org/jboss/threads/jboss-threads/3.8.0.Final/jboss-threads-3.8.0.Final.jar:/home/spaceman/.m2/repository/io/smallrye/common/smallrye-common-function/2.6.0/smallrye-common-function-2.6.0.jar:/home/spaceman/.m2/repository/org/slf4j/slf4j-api/2.0.6/slf4j-api-2.0.6.jar:/home/spaceman/.m2/repository/org/jboss/slf4j/slf4j-jboss-logmanager/2.0.0.Final/slf4j-jboss-logmanager-2.0.0.Final.jar:/home/spaceman/.m2/repository/org/wildfly/common/wildfly-common/1.7.0.Final/wildfly-common-1.7.0.Final.jar:/home/spaceman/.m2/repository/io/quarkus/quarkus-bootstrap-runner/3.17.2/quarkus-bootstrap-runner-3.17.2.jar:/home/spaceman/.m2/repository/io/quarkus/quarkus-classloader-commons/3.17.2/quarkus-classloader-commons-3.17.2.jar:/home/spaceman/.m2/repository/io/smallrye/common/smallrye-common-io/2.8.0/smallrye-common-io-2.8.0.jar:/home/spaceman/.m2/repository/io/quarkus/quarkus-fs-util/0.0.10/quarkus-fs-util-0.0.10.jar:/home/spaceman/.m2/repository/io/quarkus/quarkus-arc/3.17.2/quarkus-arc-3.17.2.jar:/home/spaceman/.m2/repository/io/quarkus/arc/arc/3.17.2/arc-3.17.2.jar:/home/spaceman/.m2/repository/jakarta/transaction/jakarta.transaction-api/2.0.1/jakarta.transaction-api-2.0.1.jar:/home/spaceman/.m2/repository/org/eclipse/microprofile/context-propagation/microprofile-context-propagation-api/1.3/microprofile-context-propagation-api-1.3.jar:/home/spaceman/.m2/repository/io/quarkus/quarkus-jsonp/3.17.2/quarkus-jsonp-3.17.2.jar:/home/spaceman/.m2/repository/org/jboss/resteasy/resteasy-json-binding-provider/6.2.11.Final/resteasy-json-binding-provider-6.2.11.Final.jar:/home/spaceman/.m2/repository/org/eclipse/parsson/parsson/1.1.7/parsson-1.1.7.jar:/home/spaceman/.m2/repository/jakarta/json/bind/jakarta.json.bind-api/3.0.1/jakarta.json.bind-api-3.0.1.jar:/home/spaceman/.m2/repository/org/jboss/resteasy/resteasy-json-p-provider/6.2.11.Final/resteasy-json-p-provider-6.2.11.Final.jar:/home/spaceman/.m2/repository/jakarta/json/jakarta.json-api/2.1.3/jakarta.json-api-2.1.3.jar:/home/spaceman/.m2/repository/commons-io/commons-io/2.17.0/commons-io-2.17.0.jar:/home/spaceman/.m2/repository/io/quarkus/quarkus-resteasy-jaxb/3.17.1/quarkus-resteasy-jaxb-3.17.1.jar:/home/spaceman/.m2/repository/io/quarkus/quarkus-jaxb/3.17.1/quarkus-jaxb-3.17.1.jar:/home/spaceman/.m2/repository/io/quarkus/quarkus-jaxp/3.17.1/quarkus-jaxp-3.17.1.jar:/home/spaceman/.m2/repository/org/glassfish/jaxb/jaxb-runtime/4.0.5/jaxb-runtime-4.0.5.jar:/home/spaceman/.m2/repository/org/glassfish/jaxb/jaxb-core/4.0.5/jaxb-core-4.0.5.jar:/home/spaceman/.m2/repository/org/glassfish/jaxb/txw2/4.0.5/txw2-4.0.5.jar:/home/spaceman/.m2/repository/com/sun/istack/istack-commons-runtime/4.1.2/istack-commons-runtime-4.1.2.jar:/home/spaceman/.m2/repository/org/jboss/resteasy/resteasy-jaxb-provider/6.2.11.Final/resteasy-jaxb-provider-6.2.11.Final.jar:/home/spaceman/.m2/repository/org/glassfish/jaxb/codemodel/4.0.5/codemodel-4.0.5.jar:/home/spaceman/.m2/repository/org/glassfish/jaxb/jaxb-jxc/4.0.5/jaxb-jxc-4.0.5.jar:/home/spaceman/.m2/repository/org/glassfish/jaxb/jaxb-xjc/4.0.5/jaxb-xjc-4.0.5.jar:/home/spaceman/.m2/repository/org/glassfish/jaxb/xsom/4.0.5/xsom-4.0.5.jar:/home/spaceman/.m2/repository/com/sun/istack/istack-commons-tools/4.1.2/istack-commons-tools-4.1.2.jar:/home/spaceman/.m2/repository/com/sun/xml/bind/external/relaxng-datatype/4.0.5/relaxng-datatype-4.0.5.jar:/home/spaceman/.m2/repository/com/sun/xml/bind/external/rngom/4.0.5/rngom-4.0.5.jar:/home/spaceman/.m2/repository/org/eclipse/angus/angus-activation/2.0.2/angus-activation-2.0.2.jar:/home/spaceman/.m2/repository/jakarta/xml/bind/jakarta.xml.bind-api/4.0.2/jakarta.xml.bind-api-4.0.2.jar:/home/spaceman/.m2/repository/com/sun/xml/ws/jaxws-rt/4.0.3/jaxws-rt-4.0.3.jar:/home/spaceman/.m2/repository/com/sun/xml/bind/jaxb-impl/4.0.5/jaxb-impl-4.0.5.jar:/home/spaceman/.m2/repository/com/sun/xml/bind/jaxb-core/4.0.5/jaxb-core-4.0.5.jar:/home/spaceman/.m2/repository/org/glassfish/ha/ha-api/3.1.13/ha-api-3.1.13.jar:/home/spaceman/.m2/repository/org/glassfish/external/management-api/3.2.3/management-api-3.2.3.jar:/home/spaceman/.m2/repository/org/glassfish/gmbal/gmbal-api-only/4.0.3/gmbal-api-only-4.0.3.jar:/home/spaceman/.m2/repository/org/jvnet/staxex/stax-ex/2.1.0/stax-ex-2.1.0.jar:/home/spaceman/.m2/repository/com/sun/xml/stream/buffer/streambuffer/2.1.0/streambuffer-2.1.0.jar:/home/spaceman/.m2/repository/org/jvnet/mimepull/mimepull/1.10.0/mimepull-1.10.0.jar:/home/spaceman/.m2/repository/com/sun/xml/fastinfoset/FastInfoset/2.1.1/FastInfoset-2.1.1.jar:/home/spaceman/.m2/repository/jakarta/mail/jakarta.mail-api/2.1.3/jakarta.mail-api-2.1.3.jar:/home/spaceman/.m2/repository/org/eclipse/angus/angus-mail/2.0.3/angus-mail-2.0.3.jar:/home/spaceman/.m2/repository/com/sun/xml/messaging/saaj/saaj-impl/3.0.4/saaj-impl-3.0.4.jar:/home/spaceman/.m2/repository/com/fasterxml/woodstox/woodstox-core/7.0.0/woodstox-core-7.0.0.jar:/home/spaceman/.m2/repository/org/codehaus/woodstox/stax2-api/4.2.2/stax2-api-4.2.2.jar:/home/spaceman/.m2/repository/com/sun/xml/ws/jaxws-tools/4.0.3/jaxws-tools-4.0.3.jar:/home/spaceman/.m2/repository/com/sun/xml/bind/jaxb-xjc/4.0.5/jaxb-xjc-4.0.5.jar:/home/spaceman/.m2/repository/com/sun/xml/bind/jaxb-jxc/4.0.5/jaxb-jxc-4.0.5.jar:/home/spaceman/.m2/repository/com/sun/xml/ws/jaxws-eclipselink-plugin/4.0.3/jaxws-eclipselink-plugin-4.0.3.jar:/home/spaceman/.m2/repository/org/eclipse/persistence/org.eclipse.persistence.moxy/4.0.3/org.eclipse.persistence.moxy-4.0.3.jar:/home/spaceman/.m2/repository/org/eclipse/persistence/org.eclipse.persistence.core/4.0.3/org.eclipse.persistence.core-4.0.3.jar:/home/spaceman/.m2/repository/org/eclipse/persistence/org.eclipse.persistence.asm/9.7.0/org.eclipse.persistence.asm-9.7.0.jar:/home/spaceman/.m2/repository/com/sun/xml/ws/sdo-eclipselink-plugin/4.0.3/sdo-eclipselink-plugin-4.0.3.jar:/home/spaceman/.m2/repository/org/eclipse/persistence/org.eclipse.persistence.sdo/4.0.3/org.eclipse.persistence.sdo-4.0.3.jar:/home/spaceman/.m2/repository/jakarta/activation/jakarta.activation-api/2.1.3/jakarta.activation-api-2.1.3.jar:/home/spaceman/.m2/repository/jakarta/xml/ws/jakarta.xml.ws-api/4.0.2/jakarta.xml.ws-api-4.0.2.jar:/home/spaceman/.m2/repository/jakarta/xml/soap/jakarta.xml.soap-api/3.0.2/jakarta.xml.soap-api-3.0.2.jar:/home/spaceman/.m2/repository/jakarta/annotation/jakarta.annotation-api/3.0.0/jakarta.annotation-api-3.0.0.jar:"/>
    <property name="java.vm.vendor" value="Ubuntu"/>
    <property name="sun.arch.data.model" value="64"/>
    <property name="java.vendor.url" value="https://ubuntu.com/"/>
    <property name="user.timezone" value="Europe/Copenhagen"/>
    <property name="os.name" value="Linux"/>
    <property name="java.vm.specification.version" value="21"/>
    <property name="sun.java.launcher" value="SUN_STANDARD"/>
    <property name="user.country" value="US"/>
    <property name="sun.boot.library.path" value="/usr/lib/jvm/java-21-openjdk-amd64/lib"/>
    <property name="sun.java.command" value="/home/spaceman/IdeaProjects/testing-token/WebServices/DTUPayClient/target/surefire/surefirebooter9618173173399247437.jar /home/spaceman/IdeaProjects/testing-token/WebServices/DTUPayClient/target/surefire 2025-01-17T15-17-44_209-jvmRun1 surefire17716910821502286529tmp surefire_012310428355011108781tmp"/>
    <property name="jdk.debug" value="release"/>
    <property name="surefire.test.class.path" value="/home/spaceman/IdeaProjects/testing-token/WebServices/DTUPayClient/target/test-classes:/home/spaceman/IdeaProjects/testing-token/WebServices/DTUPayClient/target/classes:/home/spaceman/.m2/repository/org/projectlombok/lombok/1.18.36/lombok-1.18.36.jar:/home/spaceman/.m2/repository/io/cucumber/cucumber-java/7.13.0/cucumber-java-7.13.0.jar:/home/spaceman/.m2/repository/io/cucumber/cucumber-core/7.13.0/cucumber-core-7.13.0.jar:/home/spaceman/.m2/repository/io/cucumber/cucumber-gherkin/7.13.0/cucumber-gherkin-7.13.0.jar:/home/spaceman/.m2/repository/io/cucumber/cucumber-gherkin-messages/7.13.0/cucumber-gherkin-messages-7.13.0.jar:/home/spaceman/.m2/repository/io/cucumber/gherkin/26.2.0/gherkin-26.2.0.jar:/home/spaceman/.m2/repository/io/cucumber/messages/22.0.0/messages-22.0.0.jar:/home/spaceman/.m2/repository/io/cucumber/tag-expressions/5.0.1/tag-expressions-5.0.1.jar:/home/spaceman/.m2/repository/io/cucumber/cucumber-expressions/16.1.2/cucumber-expressions-16.1.2.jar:/home/spaceman/.m2/repository/io/cucumber/datatable/7.13.0/datatable-7.13.0.jar:/home/spaceman/.m2/repository/io/cucumber/cucumber-plugin/7.13.0/cucumber-plugin-7.13.0.jar:/home/spaceman/.m2/repository/io/cucumber/docstring/7.13.0/docstring-7.13.0.jar:/home/spaceman/.m2/repository/io/cucumber/html-formatter/20.3.1/html-formatter-20.3.1.jar:/home/spaceman/.m2/repository/io/cucumber/junit-xml-formatter/0.2.0/junit-xml-formatter-0.2.0.jar:/home/spaceman/.m2/repository/io/cucumber/ci-environment/9.2.0/ci-environment-9.2.0.jar:/home/spaceman/.m2/repository/org/apiguardian/apiguardian-api/1.1.2/apiguardian-api-1.1.2.jar:/home/spaceman/.m2/repository/io/cucumber/cucumber-junit/7.13.0/cucumber-junit-7.13.0.jar:/home/spaceman/.m2/repository/junit/junit/4.13.2/junit-4.13.2.jar:/home/spaceman/.m2/repository/org/hamcrest/hamcrest-core/1.3/hamcrest-core-1.3.jar:/home/spaceman/.m2/repository/io/cucumber/cucumber-picocontainer/7.13.0/cucumber-picocontainer-7.13.0.jar:/home/spaceman/.m2/repository/org/picocontainer/picocontainer/2.15/picocontainer-2.15.jar:/home/spaceman/.m2/repository/org/junit/jupiter/junit-jupiter-engine/5.10.0/junit-jupiter-engine-5.10.0.jar:/home/spaceman/.m2/repository/org/junit/platform/junit-platform-engine/1.10.0/junit-platform-engine-1.10.0.jar:/home/spaceman/.m2/repository/org/opentest4j/opentest4j/1.3.0/opentest4j-1.3.0.jar:/home/spaceman/.m2/repository/org/junit/platform/junit-platform-commons/1.10.0/junit-platform-commons-1.10.0.jar:/home/spaceman/.m2/repository/org/junit/jupiter/junit-jupiter-api/5.10.0/junit-jupiter-api-5.10.0.jar:/home/spaceman/.m2/repository/org/junit/vintage/junit-vintage-engine/5.10.0/junit-vintage-engine-5.10.0.jar:/home/spaceman/.m2/repository/org/junit/platform/junit-platform-runner/1.10.0/junit-platform-runner-1.10.0.jar:/home/spaceman/.m2/repository/org/junit/platform/junit-platform-launcher/1.10.0/junit-platform-launcher-1.10.0.jar:/home/spaceman/.m2/repository/org/junit/platform/junit-platform-suite-api/1.10.0/junit-platform-suite-api-1.10.0.jar:/home/spaceman/.m2/repository/org/junit/platform/junit-platform-suite-commons/1.10.0/junit-platform-suite-commons-1.10.0.jar:/home/spaceman/.m2/repository/org/mockito/mockito-core/5.5.0/mockito-core-5.5.0.jar:/home/spaceman/.m2/repository/net/bytebuddy/byte-buddy/1.14.6/byte-buddy-1.14.6.jar:/home/spaceman/.m2/repository/net/bytebuddy/byte-buddy-agent/1.14.6/byte-buddy-agent-1.14.6.jar:/home/spaceman/.m2/repository/org/objenesis/objenesis/3.3/objenesis-3.3.jar:/home/spaceman/.m2/repository/org/jboss/resteasy/resteasy-client/6.2.11.Final/resteasy-client-6.2.11.Final.jar:/home/spaceman/.m2/repository/org/jboss/resteasy/resteasy-client-api/6.2.11.Final/resteasy-client-api-6.2.11.Final.jar:/home/spaceman/.m2/repository/org/jboss/resteasy/resteasy-core-spi/6.2.11.Final/resteasy-core-spi-6.2.11.Final.jar:/home/spaceman/.m2/repository/jakarta/validation/jakarta.validation-api/3.0.2/jakarta.validation-api-3.0.2.jar:/home/spaceman/.m2/repository/org/jboss/resteasy/resteasy-core/6.2.11.Final/resteasy-core-6.2.11.Final.jar:/home/spaceman/.m2/repository/org/jboss/jandex/2.4.5.Final/jandex-2.4.5.Final.jar:/home/spaceman/.m2/repository/com/ibm/async/asyncutil/0.1.0/asyncutil-0.1.0.jar:/home/spaceman/.m2/repository/org/jboss/logging/jboss-logging/3.5.3.Final/jboss-logging-3.5.3.Final.jar:/home/spaceman/.m2/repository/org/apache/httpcomponents/httpclient/4.5.14/httpclient-4.5.14.jar:/home/spaceman/.m2/repository/org/apache/httpcomponents/httpcore/4.4.16/httpcore-4.4.16.jar:/home/spaceman/.m2/repository/commons-logging/commons-logging/1.2/commons-logging-1.2.jar:/home/spaceman/.m2/repository/commons-codec/commons-codec/1.15/commons-codec-1.15.jar:/home/spaceman/.m2/repository/jakarta/ws/rs/jakarta.ws.rs-api/3.1.0/jakarta.ws.rs-api-3.1.0.jar:/home/spaceman/.m2/repository/org/reactivestreams/reactive-streams/1.0.4/reactive-streams-1.0.4.jar:/home/spaceman/.m2/repository/io/quarkus/quarkus-resteasy-jsonb/3.17.2/quarkus-resteasy-jsonb-3.17.2.jar:/home/spaceman/.m2/repository/io/quarkus/quarkus-resteasy/3.17.2/quarkus-resteasy-3.17.2.jar:/home/spaceman/.m2/repository/io/quarkus/quarkus-vertx-http/3.17.2/quarkus-vertx-http-3.17.2.jar:/home/spaceman/.m2/repository/io/quarkus/quarkus-security-runtime-spi/3.17.2/quarkus-security-runtime-spi-3.17.2.jar:/home/spaceman/.m2/repository/io/quarkus/quarkus-tls-registry/3.17.2/quarkus-tls-registry-3.17.2.jar:/home/spaceman/.m2/repository/io/quarkus/quarkus-credentials/3.17.2/quarkus-credentials-3.17.2.jar:/home/spaceman/.m2/repository/io/quarkus/quarkus-mutiny/3.17.2/quarkus-mutiny-3.17.2.jar:/home/spaceman/.m2/repository/io/smallrye/reactive/mutiny/2.6.2/mutiny-2.6.2.jar:/home/spaceman/.m2/repository/org/jctools/jctools-core/4.0.5/jctools-core-4.0.5.jar:/home/spaceman/.m2/repository/io/quarkus/quarkus-smallrye-context-propagation/3.17.2/quarkus-smallrye-context-propagation-3.17.2.jar:/home/spaceman/.m2/repository/io/smallrye/smallrye-context-propagation/2.1.2/smallrye-context-propagation-2.1.2.jar:/home/spaceman/.m2/repository/io/smallrye/smallrye-context-propagation-api/2.1.2/smallrye-context-propagation-api-2.1.2.jar:/home/spaceman/.m2/repository/io/smallrye/smallrye-context-propagation-storage/2.1.2/smallrye-context-propagation-storage-2.1.2.jar:/home/spaceman/.m2/repository/io/smallrye/reactive/mutiny-smallrye-context-propagation/2.6.2/mutiny-smallrye-context-propagation-2.6.2.jar:/home/spaceman/.m2/repository/io/smallrye/common/smallrye-common-vertx-context/2.8.0/smallrye-common-vertx-context-2.8.0.jar:/home/spaceman/.m2/repository/io/vertx/vertx-core/4.5.10/vertx-core-4.5.10.jar:/home/spaceman/.m2/repository/io/netty/netty-common/4.1.111.Final/netty-common-4.1.111.Final.jar:/home/spaceman/.m2/repository/io/netty/netty-buffer/4.1.111.Final/netty-buffer-4.1.111.Final.jar:/home/spaceman/.m2/repository/io/netty/netty-transport/4.1.111.Final/netty-transport-4.1.111.Final.jar:/home/spaceman/.m2/repository/io/netty/netty-handler/4.1.111.Final/netty-handler-4.1.111.Final.jar:/home/spaceman/.m2/repository/io/netty/netty-transport-native-unix-common/4.1.111.Final/netty-transport-native-unix-common-4.1.111.Final.jar:/home/spaceman/.m2/repository/io/netty/netty-handler-proxy/4.1.111.Final/netty-handler-proxy-4.1.111.Final.jar:/home/spaceman/.m2/repository/io/netty/netty-codec-socks/4.1.111.Final/netty-codec-socks-4.1.111.Final.jar:/home/spaceman/.m2/repository/io/netty/netty-codec-http/4.1.111.Final/netty-codec-http-4.1.111.Final.jar:/home/spaceman/.m2/repository/io/netty/netty-codec-http2/4.1.111.Final/netty-codec-http2-4.1.111.Final.jar:/home/spaceman/.m2/repository/io/netty/netty-resolver/4.1.111.Final/netty-resolver-4.1.111.Final.jar:/home/spaceman/.m2/repository/io/netty/netty-resolver-dns/4.1.111.Final/netty-resolver-dns-4.1.111.Final.jar:/home/spaceman/.m2/repository/io/netty/netty-codec-dns/4.1.111.Final/netty-codec-dns-4.1.111.Final.jar:/home/spaceman/.m2/repository/com/fasterxml/jackson/core/jackson-core/2.16.1/jackson-core-2.16.1.jar:/home/spaceman/.m2/repository/io/smallrye/common/smallrye-common-constraint/2.8.0/smallrye-common-constraint-2.8.0.jar:/home/spaceman/.m2/repository/io/quarkus/security/quarkus-security/2.2.0/quarkus-security-2.2.0.jar:/home/spaceman/.m2/repository/io/quarkus/quarkus-vertx/3.17.2/quarkus-vertx-3.17.2.jar:/home/spaceman/.m2/repository/io/quarkus/quarkus-netty/3.17.2/quarkus-netty-3.17.2.jar:/home/spaceman/.m2/repository/io/netty/netty-codec/4.1.115.Final/netty-codec-4.1.115.Final.jar:/home/spaceman/.m2/repository/io/netty/netty-codec-haproxy/4.1.115.Final/netty-codec-haproxy-4.1.115.Final.jar:/home/spaceman/.m2/repository/io/smallrye/common/smallrye-common-annotation/2.8.0/smallrye-common-annotation-2.8.0.jar:/home/spaceman/.m2/repository/io/quarkus/quarkus-virtual-threads/3.17.2/quarkus-virtual-threads-3.17.2.jar:/home/spaceman/.m2/repository/io/quarkus/quarkus-vertx-latebound-mdc-provider/3.17.2/quarkus-vertx-latebound-mdc-provider-3.17.2.jar:/home/spaceman/.m2/repository/io/smallrye/reactive/smallrye-mutiny-vertx-core/3.16.0/smallrye-mutiny-vertx-core-3.16.0.jar:/home/spaceman/.m2/repository/io/smallrye/reactive/smallrye-mutiny-vertx-runtime/3.16.0/smallrye-mutiny-vertx-runtime-3.16.0.jar:/home/spaceman/.m2/repository/io/smallrye/reactive/vertx-mutiny-generator/3.16.0/vertx-mutiny-generator-3.16.0.jar:/home/spaceman/.m2/repository/io/vertx/vertx-codegen/4.5.11/vertx-codegen-4.5.11.jar:/home/spaceman/.m2/repository/io/smallrye/smallrye-fault-tolerance-vertx/6.6.3/smallrye-fault-tolerance-vertx-6.6.3.jar:/home/spaceman/.m2/repository/io/smallrye/reactive/smallrye-mutiny-vertx-web/3.16.0/smallrye-mutiny-vertx-web-3.16.0.jar:/home/spaceman/.m2/repository/io/smallrye/reactive/smallrye-mutiny-vertx-web-common/3.16.0/smallrye-mutiny-vertx-web-common-3.16.0.jar:/home/spaceman/.m2/repository/io/smallrye/reactive/smallrye-mutiny-vertx-auth-common/3.16.0/smallrye-mutiny-vertx-auth-common-3.16.0.jar:/home/spaceman/.m2/repository/io/smallrye/reactive/smallrye-mutiny-vertx-bridge-common/3.16.0/smallrye-mutiny-vertx-bridge-common-3.16.0.jar:/home/spaceman/.m2/repository/io/smallrye/reactive/smallrye-mutiny-vertx-uri-template/3.16.0/smallrye-mutiny-vertx-uri-template-3.16.0.jar:/home/spaceman/.m2/repository/io/vertx/vertx-uri-template/4.5.11/vertx-uri-template-4.5.11.jar:/home/spaceman/.m2/repository/io/vertx/vertx-web/4.5.11/vertx-web-4.5.11.jar:/home/spaceman/.m2/repository/io/vertx/vertx-web-common/4.5.11/vertx-web-common-4.5.11.jar:/home/spaceman/.m2/repository/io/vertx/vertx-auth-common/4.5.11/vertx-auth-common-4.5.11.jar:/home/spaceman/.m2/repository/io/vertx/vertx-bridge-common/4.5.11/vertx-bridge-common-4.5.11.jar:/home/spaceman/.m2/repository/io/github/crac/org-crac/0.1.3/org-crac-0.1.3.jar:/home/spaceman/.m2/repository/com/aayushatharva/brotli4j/brotli4j/1.16.0/brotli4j-1.16.0.jar:/home/spaceman/.m2/repository/com/aayushatharva/brotli4j/service/1.16.0/service-1.16.0.jar:/home/spaceman/.m2/repository/com/aayushatharva/brotli4j/native-linux-x86_64/1.16.0/native-linux-x86_64-1.16.0.jar:/home/spaceman/.m2/repository/io/quarkus/vertx/utils/quarkus-vertx-utils/3.17.2/quarkus-vertx-utils-3.17.2.jar:/home/spaceman/.m2/repository/io/quarkus/quarkus-resteasy-server-common/3.17.2/quarkus-resteasy-server-common-3.17.2.jar:/home/spaceman/.m2/repository/io/quarkus/quarkus-resteasy-common/3.17.2/quarkus-resteasy-common-3.17.2.jar:/home/spaceman/.m2/repository/org/jboss/resteasy/microprofile/microprofile-config/3.0.0.Final/microprofile-config-3.0.0.Final.jar:/home/spaceman/.m2/repository/jakarta/servlet/jakarta.servlet-api/6.0.0/jakarta.servlet-api-6.0.0.jar:/home/spaceman/.m2/repository/org/eclipse/microprofile/config/microprofile-config-api/3.1/microprofile-config-api-3.1.jar:/home/spaceman/.m2/repository/org/jboss/resteasy/resteasy-cdi/6.2.11.Final/resteasy-cdi-6.2.11.Final.jar:/home/spaceman/.m2/repository/jakarta/interceptor/jakarta.interceptor-api/2.1.0/jakarta.interceptor-api-2.1.0.jar:/home/spaceman/.m2/repository/io/quarkus/quarkus-jsonb/3.17.2/quarkus-jsonb-3.17.2.jar:/home/spaceman/.m2/repository/org/eclipse/yasson/3.0.4/yasson-3.0.4.jar:/home/spaceman/.m2/repository/io/quarkus/quarkus-core/3.17.2/quarkus-core-3.17.2.jar:/home/spaceman/.m2/repository/jakarta/enterprise/jakarta.enterprise.cdi-api/4.1.0/jakarta.enterprise.cdi-api-4.1.0.jar:/home/spaceman/.m2/repository/jakarta/enterprise/jakarta.enterprise.lang-model/4.1.0/jakarta.enterprise.lang-model-4.1.0.jar:/home/spaceman/.m2/repository/jakarta/el/jakarta.el-api/6.0.0/jakarta.el-api-6.0.0.jar:/home/spaceman/.m2/repository/jakarta/inject/jakarta.inject-api/2.0.1/jakarta.inject-api-2.0.1.jar:/home/spaceman/.m2/repository/io/smallrye/common/smallrye-common-os/2.8.0/smallrye-common-os-2.8.0.jar:/home/spaceman/.m2/repository/io/quarkus/quarkus-ide-launcher/3.17.2/quarkus-ide-launcher-3.17.2.jar:/home/spaceman/.m2/repository/io/quarkus/quarkus-development-mode-spi/3.17.2/quarkus-development-mode-spi-3.17.2.jar:/home/spaceman/.m2/repository/io/smallrye/config/smallrye-config/3.10.1/smallrye-config-3.10.1.jar:/home/spaceman/.m2/repository/io/smallrye/config/smallrye-config-core/3.10.1/smallrye-config-core-3.10.1.jar:/home/spaceman/.m2/repository/io/smallrye/common/smallrye-common-classloader/2.8.0/smallrye-common-classloader-2.8.0.jar:/home/spaceman/.m2/repository/org/ow2/asm/asm/9.7.1/asm-9.7.1.jar:/home/spaceman/.m2/repository/io/smallrye/config/smallrye-config-common/3.10.1/smallrye-config-common-3.10.1.jar:/home/spaceman/.m2/repository/org/jboss/logmanager/jboss-logmanager/3.1.0.Final/jboss-logmanager-3.1.0.Final.jar:/home/spaceman/.m2/repository/io/smallrye/common/smallrye-common-cpu/2.2.0/smallrye-common-cpu-2.2.0.jar:/home/spaceman/.m2/repository/io/smallrye/common/smallrye-common-expression/2.2.0/smallrye-common-expression-2.2.0.jar:/home/spaceman/.m2/repository/io/smallrye/common/smallrye-common-net/2.2.0/smallrye-common-net-2.2.0.jar:/home/spaceman/.m2/repository/io/smallrye/common/smallrye-common-ref/2.2.0/smallrye-common-ref-2.2.0.jar:/home/spaceman/.m2/repository/org/jboss/logging/jboss-logging-annotations/3.0.2.Final/jboss-logging-annotations-3.0.2.Final.jar:/home/spaceman/.m2/repository/org/jboss/threads/jboss-threads/3.8.0.Final/jboss-threads-3.8.0.Final.jar:/home/spaceman/.m2/repository/io/smallrye/common/smallrye-common-function/2.6.0/smallrye-common-function-2.6.0.jar:/home/spaceman/.m2/repository/org/slf4j/slf4j-api/2.0.6/slf4j-api-2.0.6.jar:/home/spaceman/.m2/repository/org/jboss/slf4j/slf4j-jboss-logmanager/2.0.0.Final/slf4j-jboss-logmanager-2.0.0.Final.jar:/home/spaceman/.m2/repository/org/wildfly/common/wildfly-common/1.7.0.Final/wildfly-common-1.7.0.Final.jar:/home/spaceman/.m2/repository/io/quarkus/quarkus-bootstrap-runner/3.17.2/quarkus-bootstrap-runner-3.17.2.jar:/home/spaceman/.m2/repository/io/quarkus/quarkus-classloader-commons/3.17.2/quarkus-classloader-commons-3.17.2.jar:/home/spaceman/.m2/repository/io/smallrye/common/smallrye-common-io/2.8.0/smallrye-common-io-2.8.0.jar:/home/spaceman/.m2/repository/io/quarkus/quarkus-fs-util/0.0.10/quarkus-fs-util-0.0.10.jar:/home/spaceman/.m2/repository/io/quarkus/quarkus-arc/3.17.2/quarkus-arc-3.17.2.jar:/home/spaceman/.m2/repository/io/quarkus/arc/arc/3.17.2/arc-3.17.2.jar:/home/spaceman/.m2/repository/jakarta/transaction/jakarta.transaction-api/2.0.1/jakarta.transaction-api-2.0.1.jar:/home/spaceman/.m2/repository/org/eclipse/microprofile/context-propagation/microprofile-context-propagation-api/1.3/microprofile-context-propagation-api-1.3.jar:/home/spaceman/.m2/repository/io/quarkus/quarkus-jsonp/3.17.2/quarkus-jsonp-3.17.2.jar:/home/spaceman/.m2/repository/org/jboss/resteasy/resteasy-json-binding-provider/6.2.11.Final/resteasy-json-binding-provider-6.2.11.Final.jar:/home/spaceman/.m2/repository/org/eclipse/parsson/parsson/1.1.7/parsson-1.1.7.jar:/home/spaceman/.m2/repository/jakarta/json/bind/jakarta.json.bind-api/3.0.1/jakarta.json.bind-api-3.0.1.jar:/home/spaceman/.m2/repository/org/jboss/resteasy/resteasy-json-p-provider/6.2.11.Final/resteasy-json-p-provider-6.2.11.Final.jar:/home/spaceman/.m2/repository/jakarta/json/jakarta.json-api/2.1.3/jakarta.json-api-2.1.3.jar:/home/spaceman/.m2/repository/commons-io/commons-io/2.17.0/commons-io-2.17.0.jar:/home/spaceman/.m2/repository/io/quarkus/quarkus-resteasy-jaxb/3.17.1/quarkus-resteasy-jaxb-3.17.1.jar:/home/spaceman/.m2/repository/io/quarkus/quarkus-jaxb/3.17.1/quarkus-jaxb-3.17.1.jar:/home/spaceman/.m2/repository/io/quarkus/quarkus-jaxp/3.17.1/quarkus-jaxp-3.17.1.jar:/home/spaceman/.m2/repository/org/glassfish/jaxb/jaxb-runtime/4.0.5/jaxb-runtime-4.0.5.jar:/home/spaceman/.m2/repository/org/glassfish/jaxb/jaxb-core/4.0.5/jaxb-core-4.0.5.jar:/home/spaceman/.m2/repository/org/glassfish/jaxb/txw2/4.0.5/txw2-4.0.5.jar:/home/spaceman/.m2/repository/com/sun/istack/istack-commons-runtime/4.1.2/istack-commons-runtime-4.1.2.jar:/home/spaceman/.m2/repository/org/jboss/resteasy/resteasy-jaxb-provider/6.2.11.Final/resteasy-jaxb-provider-6.2.11.Final.jar:/home/spaceman/.m2/repository/org/glassfish/jaxb/codemodel/4.0.5/codemodel-4.0.5.jar:/home/spaceman/.m2/repository/org/glassfish/jaxb/jaxb-jxc/4.0.5/jaxb-jxc-4.0.5.jar:/home/spaceman/.m2/repository/org/glassfish/jaxb/jaxb-xjc/4.0.5/jaxb-xjc-4.0.5.jar:/home/spaceman/.m2/repository/org/glassfish/jaxb/xsom/4.0.5/xsom-4.0.5.jar:/home/spaceman/.m2/repository/com/sun/istack/istack-commons-tools/4.1.2/istack-commons-tools-4.1.2.jar:/home/spaceman/.m2/repository/com/sun/xml/bind/external/relaxng-datatype/4.0.5/relaxng-datatype-4.0.5.jar:/home/spaceman/.m2/repository/com/sun/xml/bind/external/rngom/4.0.5/rngom-4.0.5.jar:/home/spaceman/.m2/repository/org/eclipse/angus/angus-activation/2.0.2/angus-activation-2.0.2.jar:/home/spaceman/.m2/repository/jakarta/xml/bind/jakarta.xml.bind-api/4.0.2/jakarta.xml.bind-api-4.0.2.jar:/home/spaceman/.m2/repository/com/sun/xml/ws/jaxws-rt/4.0.3/jaxws-rt-4.0.3.jar:/home/spaceman/.m2/repository/com/sun/xml/bind/jaxb-impl/4.0.5/jaxb-impl-4.0.5.jar:/home/spaceman/.m2/repository/com/sun/xml/bind/jaxb-core/4.0.5/jaxb-core-4.0.5.jar:/home/spaceman/.m2/repository/org/glassfish/ha/ha-api/3.1.13/ha-api-3.1.13.jar:/home/spaceman/.m2/repository/org/glassfish/external/management-api/3.2.3/management-api-3.2.3.jar:/home/spaceman/.m2/repository/org/glassfish/gmbal/gmbal-api-only/4.0.3/gmbal-api-only-4.0.3.jar:/home/spaceman/.m2/repository/org/jvnet/staxex/stax-ex/2.1.0/stax-ex-2.1.0.jar:/home/spaceman/.m2/repository/com/sun/xml/stream/buffer/streambuffer/2.1.0/streambuffer-2.1.0.jar:/home/spaceman/.m2/repository/org/jvnet/mimepull/mimepull/1.10.0/mimepull-1.10.0.jar:/home/spaceman/.m2/repository/com/sun/xml/fastinfoset/FastInfoset/2.1.1/FastInfoset-2.1.1.jar:/home/spaceman/.m2/repository/jakarta/mail/jakarta.mail-api/2.1.3/jakarta.mail-api-2.1.3.jar:/home/spaceman/.m2/repository/org/eclipse/angus/angus-mail/2.0.3/angus-mail-2.0.3.jar:/home/spaceman/.m2/repository/com/sun/xml/messaging/saaj/saaj-impl/3.0.4/saaj-impl-3.0.4.jar:/home/spaceman/.m2/repository/com/fasterxml/woodstox/woodstox-core/7.0.0/woodstox-core-7.0.0.jar:/home/spaceman/.m2/repository/org/codehaus/woodstox/stax2-api/4.2.2/stax2-api-4.2.2.jar:/home/spaceman/.m2/repository/com/sun/xml/ws/jaxws-tools/4.0.3/jaxws-tools-4.0.3.jar:/home/spaceman/.m2/repository/com/sun/xml/bind/jaxb-xjc/4.0.5/jaxb-xjc-4.0.5.jar:/home/spaceman/.m2/repository/com/sun/xml/bind/jaxb-jxc/4.0.5/jaxb-jxc-4.0.5.jar:/home/spaceman/.m2/repository/com/sun/xml/ws/jaxws-eclipselink-plugin/4.0.3/jaxws-eclipselink-plugin-4.0.3.jar:/home/spaceman/.m2/repository/org/eclipse/persistence/org.eclipse.persistence.moxy/4.0.3/org.eclipse.persistence.moxy-4.0.3.jar:/home/spaceman/.m2/repository/org/eclipse/persistence/org.eclipse.persistence.core/4.0.3/org.eclipse.persistence.core-4.0.3.jar:/home/spaceman/.m2/repository/org/eclipse/persistence/org.eclipse.persistence.asm/9.7.0/org.eclipse.persistence.asm-9.7.0.jar:/home/spaceman/.m2/repository/com/sun/xml/ws/sdo-eclipselink-plugin/4.0.3/sdo-eclipselink-plugin-4.0.3.jar:/home/spaceman/.m2/repository/org/eclipse/persistence/org.eclipse.persistence.sdo/4.0.3/org.eclipse.persistence.sdo-4.0.3.jar:/home/spaceman/.m2/repository/jakarta/activation/jakarta.activation-api/2.1.3/jakarta.activation-api-2.1.3.jar:/home/spaceman/.m2/repository/jakarta/xml/ws/jakarta.xml.ws-api/4.0.2/jakarta.xml.ws-api-4.0.2.jar:/home/spaceman/.m2/repository/jakarta/xml/soap/jakarta.xml.soap-api/3.0.2/jakarta.xml.soap-api-3.0.2.jar:/home/spaceman/.m2/repository/jakarta/annotation/jakarta.annotation-api/3.0.0/jakarta.annotation-api-3.0.0.jar:"/>
    <property name="sun.cpu.endian" value="little"/>
    <property name="user.home" value="/home/spaceman"/>
    <property name="user.language" value="en"/>
    <property name="java.specification.vendor" value="Oracle Corporation"/>
    <property name="java.version.date" value="2024-10-15"/>
    <property name="java.home" value="/usr/lib/jvm/java-21-openjdk-amd64"/>
    <property name="file.separator" value="/"/>
    <property name="basedir" value="/home/spaceman/IdeaProjects/testing-token/WebServices/DTUPayClient"/>
    <property name="java.vm.compressedOopsMode" value="Zero based"/>
    <property name="line.separator" value="&#10;"/>
    <property name="java.specification.name" value="Java Platform API Specification"/>
    <property name="java.vm.specification.vendor" value="Oracle Corporation"/>
    <property name="surefire.real.class.path" value="/home/spaceman/IdeaProjects/testing-token/WebServices/DTUPayClient/target/surefire/surefirebooter9618173173399247437.jar"/>
    <property name="sun.management.compiler" value="HotSpot 64-Bit Tiered Compilers"/>
    <property name="java.runtime.version" value="21.0.5+11-Ubuntu-1ubuntu122.04"/>
    <property name="user.name" value="spaceman"/>
    <property name="stdout.encoding" value="UTF-8"/>
    <property name="path.separator" value=":"/>
    <property name="os.version" value="6.8.0-51-generic"/>
    <property name="java.runtime.name" value="OpenJDK Runtime Environment"/>
    <property name="file.encoding" value="UTF-8"/>
    <property name="java.vm.name" value="OpenJDK 64-Bit Server VM"/>
    <property name="localRepository" value="/home/spaceman/.m2/repository"/>
    <property name="java.vendor.url.bug" value="https://bugs.launchpad.net/ubuntu/+source/openjdk-21"/>
    <property name="java.io.tmpdir" value="/tmp"/>
    <property name="java.version" value="21.0.5"/>
    <property name="user.dir" value="/home/spaceman/IdeaProjects/testing-token/WebServices/DTUPayClient"/>
    <property name="os.arch" value="amd64"/>
    <property name="java.vm.specification.name" value="Java Virtual Machine Specification"/>
    <property name="native.encoding" value="UTF-8"/>
    <property name="java.util.logging.manager" value="org.jboss.logmanager.LogManager"/>
    <property name="java.library.path" value="/usr/java/packages/lib:/usr/lib/x86_64-linux-gnu/jni:/lib/x86_64-linux-gnu:/usr/lib/x86_64-linux-gnu:/usr/lib/jni:/lib:/usr/lib"/>
    <property name="java.vm.info" value="mixed mode, sharing"/>
    <property name="stderr.encoding" value="UTF-8"/>
    <property name="java.vendor" value="Ubuntu"/>
    <property name="java.vm.version" value="21.0.5+11-Ubuntu-1ubuntu122.04"/>
    <property name="sun.io.unicode.encoding" value="UnicodeLittle"/>
    <property name="java.class.version" value="65.0"/>
  </properties>
  <testcase name="Successful Payment" classname="dtu.example.CucumberTest" time="1.592"/>
</testsuite>